<?xml version="1.0" encoding="UTF-8"?>
<testsuites>
  <testsuite name="/home/cristian/proyectos/laravel-server-monitor/phpunit.xml" tests="149" assertions="353" errors="0" failures="0" skipped="0" time="3.722344">
    <testsuite name="Unit" tests="126" assertions="290" errors="0" failures="0" skipped="0" time="3.007449">
      <testsuite name="Tests\Unit\Console\Commands\SecurityCheckMalwareCommandTest" file="tests/Unit/Console/Commands/SecurityCheckMalwareCommandTest.php" tests="6" assertions="9" errors="0" failures="0" skipped="0" time="0.423573">
        <testcase name="`SecurityCheckMalwareCommand` → it command class exists and is properly configured" file="tests/Unit/Console/Commands/SecurityCheckMalwareCommandTest.php::`SecurityCheckMalwareCommand` → it command class exists and is properly configured" class="Tests\Unit\Console\Commands\SecurityCheckMalwareCommandTest" classname="Tests.Unit.Console.Commands.SecurityCheckMalwareCommandTest" assertions="2" time="0.302105"/>
        <testcase name="`SecurityCheckMalwareCommand` → it uses the NotifiesSecurityAlerts trait" file="tests/Unit/Console/Commands/SecurityCheckMalwareCommandTest.php::`SecurityCheckMalwareCommand` → it uses the NotifiesSecurityAlerts trait" class="Tests\Unit\Console\Commands\SecurityCheckMalwareCommandTest" classname="Tests.Unit.Console.Commands.SecurityCheckMalwareCommandTest" assertions="1" time="0.013067"/>
        <testcase name="`SecurityCheckMalwareCommand` → it handles malware patterns detection" file="tests/Unit/Console/Commands/SecurityCheckMalwareCommandTest.php::`SecurityCheckMalwareCommand` → it handles malware patterns detection" class="Tests\Unit\Console\Commands\SecurityCheckMalwareCommandTest" classname="Tests.Unit.Console.Commands.SecurityCheckMalwareCommandTest" assertions="3" time="0.060774"/>
        <testcase name="`SecurityCheckMalwareCommand` → it handles system commands gracefully" file="tests/Unit/Console/Commands/SecurityCheckMalwareCommandTest.php::`SecurityCheckMalwareCommand` → it handles system commands gracefully" class="Tests\Unit\Console\Commands\SecurityCheckMalwareCommandTest" classname="Tests.Unit.Console.Commands.SecurityCheckMalwareCommandTest" assertions="1" time="0.016475"/>
        <testcase name="`SecurityCheckMalwareCommand` → it runs successfully" file="tests/Unit/Console/Commands/SecurityCheckMalwareCommandTest.php::`SecurityCheckMalwareCommand` → it runs successfully" class="Tests\Unit\Console\Commands\SecurityCheckMalwareCommandTest" classname="Tests.Unit.Console.Commands.SecurityCheckMalwareCommandTest" assertions="1" time="0.013402"/>
        <testcase name="`SecurityCheckMalwareCommand` → it uses SecurityScannerService for malware checks" file="tests/Unit/Console/Commands/SecurityCheckMalwareCommandTest.php::`SecurityCheckMalwareCommand` → it uses SecurityScannerService for malware checks" class="Tests\Unit\Console\Commands\SecurityCheckMalwareCommandTest" classname="Tests.Unit.Console.Commands.SecurityCheckMalwareCommandTest" assertions="1" time="0.017750"/>
      </testsuite>
      <testsuite name="Tests\Unit\Services\Security\SecurityNotificationServiceTest" file="tests/Unit/Services/Security/SecurityNotificationServiceTest.php" tests="8" assertions="8" errors="0" failures="0" skipped="0" time="0.114175">
        <testcase name="`logAlerts` → it logs with default context when none provided" file="tests/Unit/Services/Security/SecurityNotificationServiceTest.php::`logAlerts` → it logs with default context when none provided" class="Tests\Unit\Services\Security\SecurityNotificationServiceTest" classname="Tests.Unit.Services.Security.SecurityNotificationServiceTest" assertions="1" time="0.015955"/>
        <testcase name="`logAlerts` → it logs alerts without throwing errors" file="tests/Unit/Services/Security/SecurityNotificationServiceTest.php::`logAlerts` → it logs alerts without throwing errors" class="Tests\Unit\Services\Security\SecurityNotificationServiceTest" classname="Tests.Unit.Services.Security.SecurityNotificationServiceTest" assertions="1" time="0.012641"/>
        <testcase name="`sendAlerts` → it uses custom success and error messages" file="tests/Unit/Services/Security/SecurityNotificationServiceTest.php::`sendAlerts` → it uses custom success and error messages" class="Tests\Unit\Services\Security\SecurityNotificationServiceTest" classname="Tests.Unit.Services.Security.SecurityNotificationServiceTest" assertions="1" time="0.012940"/>
        <testcase name="`sendAlerts` → it uses default config values when not configured" file="tests/Unit/Services/Security/SecurityNotificationServiceTest.php::`sendAlerts` → it uses default config values when not configured" class="Tests\Unit\Services\Security\SecurityNotificationServiceTest" classname="Tests.Unit.Services.Security.SecurityNotificationServiceTest" assertions="1" time="0.013943"/>
        <testcase name="`sendReport` → it returns false when user model does not exist" file="tests/Unit/Services/Security/SecurityNotificationServiceTest.php::`sendReport` → it returns false when user model does not exist" class="Tests\Unit\Services\Security\SecurityNotificationServiceTest" classname="Tests.Unit.Services.Security.SecurityNotificationServiceTest" assertions="1" time="0.016871"/>
        <testcase name="`sendAlerts` → it returns false when user model does not exist" file="tests/Unit/Services/Security/SecurityNotificationServiceTest.php::`sendAlerts` → it returns false when user model does not exist" class="Tests\Unit\Services\Security\SecurityNotificationServiceTest" classname="Tests.Unit.Services.Security.SecurityNotificationServiceTest" assertions="1" time="0.015884"/>
        <testcase name="`sendAlerts` → it returns false when alerts array is empty" file="tests/Unit/Services/Security/SecurityNotificationServiceTest.php::`sendAlerts` → it returns false when alerts array is empty" class="Tests\Unit\Services\Security\SecurityNotificationServiceTest" classname="Tests.Unit.Services.Security.SecurityNotificationServiceTest" assertions="1" time="0.012671"/>
        <testcase name="`sendReport` → it works with empty alerts and report" file="tests/Unit/Services/Security/SecurityNotificationServiceTest.php::`sendReport` → it works with empty alerts and report" class="Tests\Unit\Services\Security\SecurityNotificationServiceTest" classname="Tests.Unit.Services.Security.SecurityNotificationServiceTest" assertions="1" time="0.013270"/>
      </testsuite>
      <testsuite name="Tests\Unit\Traits\NotifiesSecurityAlertsTest" file="tests/Unit/Traits/NotifiesSecurityAlertsTest.php" tests="6" assertions="6" errors="0" failures="0" skipped="0" time="0.336946">
        <testcase name="`initializeNotificationService` → it initializes notification service correctly" file="tests/Unit/Traits/NotifiesSecurityAlertsTest.php::`initializeNotificationService` → it initializes notification service correctly" class="Tests\Unit\Traits\NotifiesSecurityAlertsTest" classname="Tests.Unit.Traits.NotifiesSecurityAlertsTest" assertions="1" time="0.019970"/>
        <testcase name="`sendSecurityAlerts` → it returns false when no alerts provided" file="tests/Unit/Traits/NotifiesSecurityAlertsTest.php::`sendSecurityAlerts` → it returns false when no alerts provided" class="Tests\Unit\Traits\NotifiesSecurityAlertsTest" classname="Tests.Unit.Traits.NotifiesSecurityAlertsTest" assertions="1" time="0.014616"/>
        <testcase name="`sendSecurityReport` → it returns false when no admin users exist" file="tests/Unit/Traits/NotifiesSecurityAlertsTest.php::`sendSecurityReport` → it returns false when no admin users exist" class="Tests\Unit\Traits\NotifiesSecurityAlertsTest" classname="Tests.Unit.Traits.NotifiesSecurityAlertsTest" assertions="1" time="0.014288"/>
        <testcase name="`sendSecurityAlerts` → it sends alerts when admin users exist" file="tests/Unit/Traits/NotifiesSecurityAlertsTest.php::`sendSecurityAlerts` → it sends alerts when admin users exist" class="Tests\Unit\Traits\NotifiesSecurityAlertsTest" classname="Tests.Unit.Traits.NotifiesSecurityAlertsTest" assertions="1" time="0.212987"/>
        <testcase name="`sendSecurityReport` → it sends reports to admin users" file="tests/Unit/Traits/NotifiesSecurityAlertsTest.php::`sendSecurityReport` → it sends reports to admin users" class="Tests\Unit\Traits\NotifiesSecurityAlertsTest" classname="Tests.Unit.Traits.NotifiesSecurityAlertsTest" assertions="1" time="0.060544"/>
        <testcase name="`sendSecurityAlerts` → it returns false when no admin users exist" file="tests/Unit/Traits/NotifiesSecurityAlertsTest.php::`sendSecurityAlerts` → it returns false when no admin users exist" class="Tests\Unit\Traits\NotifiesSecurityAlertsTest" classname="Tests.Unit.Traits.NotifiesSecurityAlertsTest" assertions="1" time="0.014541"/>
      </testsuite>
      <testsuite name="Tests\Unit\Console\Commands\SecurityBackupCrontabsCommandTest" file="tests/Unit/Console/Commands/SecurityBackupCrontabsCommandTest.php" tests="6" assertions="8" errors="0" failures="0" skipped="0" time="0.227475">
        <testcase name="`SecurityBackupCrontabsCommand` → it runs successfully" file="tests/Unit/Console/Commands/SecurityBackupCrontabsCommandTest.php::`SecurityBackupCrontabsCommand` → it runs successfully" class="Tests\Unit\Console\Commands\SecurityBackupCrontabsCommandTest" classname="Tests.Unit.Console.Commands.SecurityBackupCrontabsCommandTest" assertions="1" time="0.099789"/>
        <testcase name="`SecurityBackupCrontabsCommand` → it handles backup service responses gracefully" file="tests/Unit/Console/Commands/SecurityBackupCrontabsCommandTest.php::`SecurityBackupCrontabsCommand` → it handles backup service responses gracefully" class="Tests\Unit\Console\Commands\SecurityBackupCrontabsCommandTest" classname="Tests.Unit.Console.Commands.SecurityBackupCrontabsCommandTest" assertions="1" time="0.019380"/>
        <testcase name="`SecurityBackupCrontabsCommand` → it command class exists and is properly configured" file="tests/Unit/Console/Commands/SecurityBackupCrontabsCommandTest.php::`SecurityBackupCrontabsCommand` → it command class exists and is properly configured" class="Tests\Unit\Console\Commands\SecurityBackupCrontabsCommandTest" classname="Tests.Unit.Console.Commands.SecurityBackupCrontabsCommandTest" assertions="2" time="0.017480"/>
        <testcase name="`SecurityBackupCrontabsCommand` → it handles empty backup results" file="tests/Unit/Console/Commands/SecurityBackupCrontabsCommandTest.php::`SecurityBackupCrontabsCommand` → it handles empty backup results" class="Tests\Unit\Console\Commands\SecurityBackupCrontabsCommandTest" classname="Tests.Unit.Console.Commands.SecurityBackupCrontabsCommandTest" assertions="1" time="0.015193"/>
        <testcase name="`SecurityBackupCrontabsCommand` → it creates backup directory structure" file="tests/Unit/Console/Commands/SecurityBackupCrontabsCommandTest.php::`SecurityBackupCrontabsCommand` → it creates backup directory structure" class="Tests\Unit\Console\Commands\SecurityBackupCrontabsCommandTest" classname="Tests.Unit.Console.Commands.SecurityBackupCrontabsCommandTest" assertions="2" time="0.058324"/>
        <testcase name="`SecurityBackupCrontabsCommand` → it uses SecurityBackupService for backup operations" file="tests/Unit/Console/Commands/SecurityBackupCrontabsCommandTest.php::`SecurityBackupCrontabsCommand` → it uses SecurityBackupService for backup operations" class="Tests\Unit\Console\Commands\SecurityBackupCrontabsCommandTest" classname="Tests.Unit.Console.Commands.SecurityBackupCrontabsCommandTest" assertions="1" time="0.017309"/>
      </testsuite>
      <testsuite name="Tests\Unit\Services\Security\SecurityBackupServiceTest" file="tests/Unit/Services/Security/SecurityBackupServiceTest.php" tests="6" assertions="20" errors="0" failures="0" skipped="0" time="0.140352">
        <testcase name="`backupCrontabs` → it returns array of backup results" file="tests/Unit/Services/Security/SecurityBackupServiceTest.php::`backupCrontabs` → it returns array of backup results" class="Tests\Unit\Services\Security\SecurityBackupServiceTest" classname="Tests.Unit.Services.Security.SecurityBackupServiceTest" assertions="7" time="0.040221"/>
        <testcase name="`cleanOldBackups` → it returns number of deleted backups" file="tests/Unit/Services/Security/SecurityBackupServiceTest.php::`cleanOldBackups` → it returns number of deleted backups" class="Tests\Unit\Services\Security\SecurityBackupServiceTest" classname="Tests.Unit.Services.Security.SecurityBackupServiceTest" assertions="3" time="0.025293"/>
        <testcase name="`createSecureBackup` → it returns false for non-existent source" file="tests/Unit/Services/Security/SecurityBackupServiceTest.php::`createSecureBackup` → it returns false for non-existent source" class="Tests\Unit\Services\Security\SecurityBackupServiceTest" classname="Tests.Unit.Services.Security.SecurityBackupServiceTest" assertions="1" time="0.014950"/>
        <testcase name="`getBackupStats` → it returns correct stats structure for existing directory" file="tests/Unit/Services/Security/SecurityBackupServiceTest.php::`getBackupStats` → it returns correct stats structure for existing directory" class="Tests\Unit\Services\Security\SecurityBackupServiceTest" classname="Tests.Unit.Services.Security.SecurityBackupServiceTest" assertions="7" time="0.030192"/>
        <testcase name="`getBackupStats` → it returns zero stats for non-existent directory" file="tests/Unit/Services/Security/SecurityBackupServiceTest.php::`getBackupStats` → it returns zero stats for non-existent directory" class="Tests\Unit\Services\Security\SecurityBackupServiceTest" classname="Tests.Unit.Services.Security.SecurityBackupServiceTest" assertions="1" time="0.014314"/>
        <testcase name="`cleanOldBackups` → it handles non-existent directory gracefully" file="tests/Unit/Services/Security/SecurityBackupServiceTest.php::`cleanOldBackups` → it handles non-existent directory gracefully" class="Tests\Unit\Services\Security\SecurityBackupServiceTest" classname="Tests.Unit.Services.Security.SecurityBackupServiceTest" assertions="1" time="0.015382"/>
      </testsuite>
      <testsuite name="Tests\Unit\Console\Commands\ServerMonitorCommandTest" file="tests/Unit/Console/Commands/ServerMonitorCommandTest.php" tests="14" assertions="29" errors="0" failures="0" skipped="0" time="0.226118">
        <testcase name="`command execution with no alerts` → it displays success message when all checks pass" file="tests/Unit/Console/Commands/ServerMonitorCommandTest.php::`command execution with no alerts` → it displays success message when all checks pass" class="Tests\Unit\Console\Commands\ServerMonitorCommandTest" classname="Tests.Unit.Console.Commands.ServerMonitorCommandTest" assertions="5" time="0.021582"/>
        <testcase name="`alert notification` → it sends alerts when issues are detected" file="tests/Unit/Console/Commands/ServerMonitorCommandTest.php::`alert notification` → it sends alerts when issues are detected" class="Tests\Unit\Console\Commands\ServerMonitorCommandTest" classname="Tests.Unit.Console.Commands.ServerMonitorCommandTest" assertions="3" time="0.016329"/>
        <testcase name="`command execution with no alerts` → it returns success exit code when all checks pass" file="tests/Unit/Console/Commands/ServerMonitorCommandTest.php::`command execution with no alerts` → it returns success exit code when all checks pass" class="Tests\Unit\Console\Commands\ServerMonitorCommandTest" classname="Tests.Unit.Console.Commands.ServerMonitorCommandTest" assertions="3" time="0.014899"/>
        <testcase name="`trait integration` → it uses NotifiesSecurityAlerts trait" file="tests/Unit/Console/Commands/ServerMonitorCommandTest.php::`trait integration` → it uses NotifiesSecurityAlerts trait" class="Tests\Unit\Console\Commands\ServerMonitorCommandTest" classname="Tests.Unit.Console.Commands.ServerMonitorCommandTest" assertions="1" time="0.015227"/>
        <testcase name="`command execution with alerts` → it displays appropriate icons for different check statuses" file="tests/Unit/Console/Commands/ServerMonitorCommandTest.php::`command execution with alerts` → it displays appropriate icons for different check statuses" class="Tests\Unit\Console\Commands\ServerMonitorCommandTest" classname="Tests.Unit.Console.Commands.ServerMonitorCommandTest" assertions="4" time="0.018177"/>
        <testcase name="`service integration` → it calls monitoring service correctly" file="tests/Unit/Console/Commands/ServerMonitorCommandTest.php::`service integration` → it calls monitoring service correctly" class="Tests\Unit\Console\Commands\ServerMonitorCommandTest" classname="Tests.Unit.Console.Commands.ServerMonitorCommandTest" assertions="2" time="0.020143"/>
        <testcase name="`command execution with alerts` → it returns error exit code when alerts are present" file="tests/Unit/Console/Commands/ServerMonitorCommandTest.php::`command execution with alerts` → it returns error exit code when alerts are present" class="Tests\Unit\Console\Commands\ServerMonitorCommandTest" classname="Tests.Unit.Console.Commands.ServerMonitorCommandTest" assertions="3" time="0.018858"/>
        <testcase name="`status display logic` → it shows correct icon for warning status" file="tests/Unit/Console/Commands/ServerMonitorCommandTest.php::`status display logic` → it shows correct icon for warning status" class="Tests\Unit\Console\Commands\ServerMonitorCommandTest" classname="Tests.Unit.Console.Commands.ServerMonitorCommandTest" assertions="1" time="0.018815"/>
        <testcase name="`status display logic` → it shows correct icon for critical status" file="tests/Unit/Console/Commands/ServerMonitorCommandTest.php::`status display logic` → it shows correct icon for critical status" class="Tests\Unit\Console\Commands\ServerMonitorCommandTest" classname="Tests.Unit.Console.Commands.ServerMonitorCommandTest" assertions="1" time="0.013614"/>
        <testcase name="`command configuration` → it has correct description" file="tests/Unit/Console/Commands/ServerMonitorCommandTest.php::`command configuration` → it has correct description" class="Tests\Unit\Console\Commands\ServerMonitorCommandTest" classname="Tests.Unit.Console.Commands.ServerMonitorCommandTest" assertions="1" time="0.013942"/>
        <testcase name="`status display logic` → it shows correct icon for ok status" file="tests/Unit/Console/Commands/ServerMonitorCommandTest.php::`status display logic` → it shows correct icon for ok status" class="Tests\Unit\Console\Commands\ServerMonitorCommandTest" classname="Tests.Unit.Console.Commands.ServerMonitorCommandTest" assertions="1" time="0.015064"/>
        <testcase name="`status display logic` → it shows question mark for unknown status" file="tests/Unit/Console/Commands/ServerMonitorCommandTest.php::`status display logic` → it shows question mark for unknown status" class="Tests\Unit\Console\Commands\ServerMonitorCommandTest" classname="Tests.Unit.Console.Commands.ServerMonitorCommandTest" assertions="1" time="0.013649"/>
        <testcase name="`command configuration` → it has correct signature" file="tests/Unit/Console/Commands/ServerMonitorCommandTest.php::`command configuration` → it has correct signature" class="Tests\Unit\Console\Commands\ServerMonitorCommandTest" classname="Tests.Unit.Console.Commands.ServerMonitorCommandTest" assertions="1" time="0.013082"/>
        <testcase name="`service integration` → it passes check results to alert generation" file="tests/Unit/Console/Commands/ServerMonitorCommandTest.php::`service integration` → it passes check results to alert generation" class="Tests\Unit\Console\Commands\ServerMonitorCommandTest" classname="Tests.Unit.Console.Commands.ServerMonitorCommandTest" assertions="2" time="0.012737"/>
      </testsuite>
      <testsuite name="Tests\Unit\Console\Commands\SecurityComprehensiveCheckCommandTest" file="tests/Unit/Console/Commands/SecurityComprehensiveCheckCommandTest.php" tests="8" assertions="11" errors="0" failures="0" skipped="0" time="0.130184">
        <testcase name="`SecurityComprehensiveCheckCommand` → it generates proper security report" file="tests/Unit/Console/Commands/SecurityComprehensiveCheckCommandTest.php::`SecurityComprehensiveCheckCommand` → it generates proper security report" class="Tests\Unit\Console\Commands\SecurityComprehensiveCheckCommandTest" classname="Tests.Unit.Console.Commands.SecurityComprehensiveCheckCommandTest" assertions="1" time="0.019644"/>
        <testcase name="`SecurityComprehensiveCheckCommand` → it calls other security commands" file="tests/Unit/Console/Commands/SecurityComprehensiveCheckCommandTest.php::`SecurityComprehensiveCheckCommand` → it calls other security commands" class="Tests\Unit\Console\Commands\SecurityComprehensiveCheckCommandTest" classname="Tests.Unit.Console.Commands.SecurityComprehensiveCheckCommandTest" assertions="1" time="0.016211"/>
        <testcase name="`SecurityComprehensiveCheckCommand` → it handles scanner service alerts properly" file="tests/Unit/Console/Commands/SecurityComprehensiveCheckCommandTest.php::`SecurityComprehensiveCheckCommand` → it handles scanner service alerts properly" class="Tests\Unit\Console\Commands\SecurityComprehensiveCheckCommandTest" classname="Tests.Unit.Console.Commands.SecurityComprehensiveCheckCommandTest" assertions="1" time="0.016486"/>
        <testcase name="`SecurityComprehensiveCheckCommand` → it command class exists and is properly configured" file="tests/Unit/Console/Commands/SecurityComprehensiveCheckCommandTest.php::`SecurityComprehensiveCheckCommand` → it command class exists and is properly configured" class="Tests\Unit\Console\Commands\SecurityComprehensiveCheckCommandTest" classname="Tests.Unit.Console.Commands.SecurityComprehensiveCheckCommandTest" assertions="2" time="0.017094"/>
        <testcase name="`SecurityComprehensiveCheckCommand` → it respects whitelisted configuration" file="tests/Unit/Console/Commands/SecurityComprehensiveCheckCommandTest.php::`SecurityComprehensiveCheckCommand` → it respects whitelisted configuration" class="Tests\Unit\Console\Commands\SecurityComprehensiveCheckCommandTest" classname="Tests.Unit.Console.Commands.SecurityComprehensiveCheckCommandTest" assertions="3" time="0.015105"/>
        <testcase name="`SecurityComprehensiveCheckCommand` → it uses SecurityScannerService for comprehensive checks" file="tests/Unit/Console/Commands/SecurityComprehensiveCheckCommandTest.php::`SecurityComprehensiveCheckCommand` → it uses SecurityScannerService for comprehensive checks" class="Tests\Unit\Console\Commands\SecurityComprehensiveCheckCommandTest" classname="Tests.Unit.Console.Commands.SecurityComprehensiveCheckCommandTest" assertions="1" time="0.016477"/>
        <testcase name="`SecurityComprehensiveCheckCommand` → it runs successfully" file="tests/Unit/Console/Commands/SecurityComprehensiveCheckCommandTest.php::`SecurityComprehensiveCheckCommand` → it runs successfully" class="Tests\Unit\Console\Commands\SecurityComprehensiveCheckCommandTest" classname="Tests.Unit.Console.Commands.SecurityComprehensiveCheckCommandTest" assertions="1" time="0.015440"/>
        <testcase name="`SecurityComprehensiveCheckCommand` → it uses the NotifiesSecurityAlerts trait" file="tests/Unit/Console/Commands/SecurityComprehensiveCheckCommandTest.php::`SecurityComprehensiveCheckCommand` → it uses the NotifiesSecurityAlerts trait" class="Tests\Unit\Console\Commands\SecurityComprehensiveCheckCommandTest" classname="Tests.Unit.Console.Commands.SecurityComprehensiveCheckCommandTest" assertions="1" time="0.013726"/>
      </testsuite>
      <testsuite name="Tests\Unit\Console\Commands\SecurityCheckCommandTest" file="tests/Unit/Console/Commands/SecurityCheckCommandTest.php" tests="5" assertions="6" errors="0" failures="0" skipped="0" time="0.112762">
        <testcase name="`SecurityCheckCommand` → it uses SecurityScannerService for checks" file="tests/Unit/Console/Commands/SecurityCheckCommandTest.php::`SecurityCheckCommand` → it uses SecurityScannerService for checks" class="Tests\Unit\Console\Commands\SecurityCheckCommandTest" classname="Tests.Unit.Console.Commands.SecurityCheckCommandTest" assertions="1" time="0.029506"/>
        <testcase name="`SecurityCheckCommand` → it runs successfully without issues" file="tests/Unit/Console/Commands/SecurityCheckCommandTest.php::`SecurityCheckCommand` → it runs successfully without issues" class="Tests\Unit\Console\Commands\SecurityCheckCommandTest" classname="Tests.Unit.Console.Commands.SecurityCheckCommandTest" assertions="1" time="0.028966"/>
        <testcase name="`SecurityCheckCommand` → it uses the NotifiesSecurityAlerts trait" file="tests/Unit/Console/Commands/SecurityCheckCommandTest.php::`SecurityCheckCommand` → it uses the NotifiesSecurityAlerts trait" class="Tests\Unit\Console\Commands\SecurityCheckCommandTest" classname="Tests.Unit.Console.Commands.SecurityCheckCommandTest" assertions="1" time="0.018971"/>
        <testcase name="`SecurityCheckCommand` → it command class exists and is properly configured" file="tests/Unit/Console/Commands/SecurityCheckCommandTest.php::`SecurityCheckCommand` → it command class exists and is properly configured" class="Tests\Unit\Console\Commands\SecurityCheckCommandTest" classname="Tests.Unit.Console.Commands.SecurityCheckCommandTest" assertions="2" time="0.018701"/>
        <testcase name="`SecurityCheckCommand` → it handles scanner service responses gracefully" file="tests/Unit/Console/Commands/SecurityCheckCommandTest.php::`SecurityCheckCommand` → it handles scanner service responses gracefully" class="Tests\Unit\Console\Commands\SecurityCheckCommandTest" classname="Tests.Unit.Console.Commands.SecurityCheckCommandTest" assertions="1" time="0.016618"/>
      </testsuite>
      <testsuite name="Tests\Unit\Console\Commands\SecurityMonitorCrontabsCommandTest" file="tests/Unit/Console/Commands/SecurityMonitorCrontabsCommandTest.php" tests="7" assertions="12" errors="0" failures="0" skipped="0" time="0.167746">
        <testcase name="`SecurityMonitorCrontabsCommand` → it sends security alerts when modifications detected" file="tests/Unit/Console/Commands/SecurityMonitorCrontabsCommandTest.php::`SecurityMonitorCrontabsCommand` → it sends security alerts when modifications detected" class="Tests\Unit\Console\Commands\SecurityMonitorCrontabsCommandTest" classname="Tests.Unit.Console.Commands.SecurityMonitorCrontabsCommandTest" assertions="1" time="0.049009"/>
        <testcase name="`SecurityMonitorCrontabsCommand` → it handles scanner service responses gracefully" file="tests/Unit/Console/Commands/SecurityMonitorCrontabsCommandTest.php::`SecurityMonitorCrontabsCommand` → it handles scanner service responses gracefully" class="Tests\Unit\Console\Commands\SecurityMonitorCrontabsCommandTest" classname="Tests.Unit.Console.Commands.SecurityMonitorCrontabsCommandTest" assertions="1" time="0.045474"/>
        <testcase name="`SecurityMonitorCrontabsCommand` → it uses the NotifiesSecurityAlerts trait" file="tests/Unit/Console/Commands/SecurityMonitorCrontabsCommandTest.php::`SecurityMonitorCrontabsCommand` → it uses the NotifiesSecurityAlerts trait" class="Tests\Unit\Console\Commands\SecurityMonitorCrontabsCommandTest" classname="Tests.Unit.Console.Commands.SecurityMonitorCrontabsCommandTest" assertions="1" time="0.013500"/>
        <testcase name="`SecurityMonitorCrontabsCommand` → it runs successfully" file="tests/Unit/Console/Commands/SecurityMonitorCrontabsCommandTest.php::`SecurityMonitorCrontabsCommand` → it runs successfully" class="Tests\Unit\Console\Commands\SecurityMonitorCrontabsCommandTest" classname="Tests.Unit.Console.Commands.SecurityMonitorCrontabsCommandTest" assertions="1" time="0.013633"/>
        <testcase name="`SecurityMonitorCrontabsCommand` → it command class exists and is properly configured" file="tests/Unit/Console/Commands/SecurityMonitorCrontabsCommandTest.php::`SecurityMonitorCrontabsCommand` → it command class exists and is properly configured" class="Tests\Unit\Console\Commands\SecurityMonitorCrontabsCommandTest" classname="Tests.Unit.Console.Commands.SecurityMonitorCrontabsCommandTest" assertions="2" time="0.017060"/>
        <testcase name="`SecurityMonitorCrontabsCommand` → it reports success when no modifications found" file="tests/Unit/Console/Commands/SecurityMonitorCrontabsCommandTest.php::`SecurityMonitorCrontabsCommand` → it reports success when no modifications found" class="Tests\Unit\Console\Commands\SecurityMonitorCrontabsCommandTest" classname="Tests.Unit.Console.Commands.SecurityMonitorCrontabsCommandTest" assertions="3" time="0.014334"/>
        <testcase name="`SecurityMonitorCrontabsCommand` → it detects crontab modifications when they exist" file="tests/Unit/Console/Commands/SecurityMonitorCrontabsCommandTest.php::`SecurityMonitorCrontabsCommand` → it detects crontab modifications when they exist" class="Tests\Unit\Console\Commands\SecurityMonitorCrontabsCommandTest" classname="Tests.Unit.Console.Commands.SecurityMonitorCrontabsCommandTest" assertions="3" time="0.014736"/>
      </testsuite>
      <testsuite name="Tests\Unit\Services\Security\SecurityScannerServiceTest" file="tests/Unit/Services/Security/SecurityScannerServiceTest.php" tests="30" assertions="67" errors="0" failures="0" skipped="0" time="0.471170">
        <testcase name="`large file detection` → it returns alert when large files are detected" file="tests/Unit/Services/Security/SecurityScannerServiceTest.php::`large file detection` → it returns alert when large files are detected" class="Tests\Unit\Services\Security\SecurityScannerServiceTest" classname="Tests.Unit.Services.Security.SecurityScannerServiceTest" assertions="5" time="0.018783"/>
        <testcase name="`listening ports report` → it returns string with port information" file="tests/Unit/Services/Security/SecurityScannerServiceTest.php::`listening ports report` → it returns string with port information" class="Tests\Unit\Services\Security\SecurityScannerServiceTest" classname="Tests.Unit.Services.Security.SecurityScannerServiceTest" assertions="1" time="0.016508"/>
        <testcase name="`suspicious port detection` → it returns empty array when no suspicious ports are found" file="tests/Unit/Services/Security/SecurityScannerServiceTest.php::`suspicious port detection` → it returns empty array when no suspicious ports are found" class="Tests\Unit\Services\Security\SecurityScannerServiceTest" classname="Tests.Unit.Services.Security.SecurityScannerServiceTest" assertions="2" time="0.018965"/>
        <testcase name="`suspicious port detection` → it detects scrapyd service exposure" file="tests/Unit/Services/Security/SecurityScannerServiceTest.php::`suspicious port detection` → it detects scrapyd service exposure" class="Tests\Unit\Services\Security\SecurityScannerServiceTest" classname="Tests.Unit.Services.Security.SecurityScannerServiceTest" assertions="2" time="0.018986"/>
        <testcase name="`failed login detection` → it accepts custom threshold parameter" file="tests/Unit/Services/Security/SecurityScannerServiceTest.php::`failed login detection` → it accepts custom threshold parameter" class="Tests\Unit\Services\Security\SecurityScannerServiceTest" classname="Tests.Unit.Services.Security.SecurityScannerServiceTest" assertions="1" time="0.014876"/>
        <testcase name="`private helper methods` → it filters whitelisted files correctly" file="tests/Unit/Services/Security/SecurityScannerServiceTest.php::`private helper methods` → it filters whitelisted files correctly" class="Tests\Unit\Services\Security\SecurityScannerServiceTest" classname="Tests.Unit.Services.Security.SecurityScannerServiceTest" assertions="2" time="0.016739"/>
        <testcase name="`crontab modification detection` → it accepts custom time frame parameter" file="tests/Unit/Services/Security/SecurityScannerServiceTest.php::`crontab modification detection` → it accepts custom time frame parameter" class="Tests\Unit\Services\Security\SecurityScannerServiceTest" classname="Tests.Unit.Services.Security.SecurityScannerServiceTest" assertions="1" time="0.014662"/>
        <testcase name="`new user detection` → it filters out whitelisted directories" file="tests/Unit/Services/Security/SecurityScannerServiceTest.php::`new user detection` → it filters out whitelisted directories" class="Tests\Unit\Services\Security\SecurityScannerServiceTest" classname="Tests.Unit.Services.Security.SecurityScannerServiceTest" assertions="1" time="0.017585"/>
        <testcase name="`crontab modification detection` → it returns null when no recent crontab modifications are found" file="tests/Unit/Services/Security/SecurityScannerServiceTest.php::`crontab modification detection` → it returns null when no recent crontab modifications are found" class="Tests\Unit\Services\Security\SecurityScannerServiceTest" classname="Tests.Unit.Services.Security.SecurityScannerServiceTest" assertions="1" time="0.014436"/>
        <testcase name="`ssh key monitoring` → it returns alert when ssh keys are recently modified" file="tests/Unit/Services/Security/SecurityScannerServiceTest.php::`ssh key monitoring` → it returns alert when ssh keys are recently modified" class="Tests\Unit\Services\Security\SecurityScannerServiceTest" classname="Tests.Unit.Services.Security.SecurityScannerServiceTest" assertions="5" time="0.014027"/>
        <testcase name="`suspicious port detection` → it detects suspicious network ports" file="tests/Unit/Services/Security/SecurityScannerServiceTest.php::`suspicious port detection` → it detects suspicious network ports" class="Tests\Unit\Services\Security\SecurityScannerServiceTest" classname="Tests.Unit.Services.Security.SecurityScannerServiceTest" assertions="2" time="0.014352"/>
        <testcase name="`large file detection` → it accepts custom size and days parameters" file="tests/Unit/Services/Security/SecurityScannerServiceTest.php::`large file detection` → it accepts custom size and days parameters" class="Tests\Unit\Services\Security\SecurityScannerServiceTest" classname="Tests.Unit.Services.Security.SecurityScannerServiceTest" assertions="2" time="0.016251"/>
        <testcase name="`failed login detection` → it returns null when failed logins are below threshold" file="tests/Unit/Services/Security/SecurityScannerServiceTest.php::`failed login detection` → it returns null when failed logins are below threshold" class="Tests\Unit\Services\Security\SecurityScannerServiceTest" classname="Tests.Unit.Services.Security.SecurityScannerServiceTest" assertions="1" time="0.013803"/>
        <testcase name="`large file detection` → it returns null when no large files are found" file="tests/Unit/Services/Security/SecurityScannerServiceTest.php::`large file detection` → it returns null when no large files are found" class="Tests\Unit\Services\Security\SecurityScannerServiceTest" classname="Tests.Unit.Services.Security.SecurityScannerServiceTest" assertions="1" time="0.013829"/>
        <testcase name="`suspicious process detection` → it returns null when no suspicious processes are found" file="tests/Unit/Services/Security/SecurityScannerServiceTest.php::`suspicious process detection` → it returns null when no suspicious processes are found" class="Tests\Unit\Services\Security\SecurityScannerServiceTest" classname="Tests.Unit.Services.Security.SecurityScannerServiceTest" assertions="1" time="0.033320"/>
        <testcase name="`system file modification detection` → it returns null when no system files are modified" file="tests/Unit/Services/Security/SecurityScannerServiceTest.php::`system file modification detection` → it returns null when no system files are modified" class="Tests\Unit\Services\Security\SecurityScannerServiceTest" classname="Tests.Unit.Services.Security.SecurityScannerServiceTest" assertions="1" time="0.015144"/>
        <testcase name="`malware pattern detection` → it detects recently uploaded php files" file="tests/Unit/Services/Security/SecurityScannerServiceTest.php::`malware pattern detection` → it detects recently uploaded php files" class="Tests\Unit\Services\Security\SecurityScannerServiceTest" classname="Tests.Unit.Services.Security.SecurityScannerServiceTest" assertions="2" time="0.015510"/>
        <testcase name="`ssh key monitoring` → it returns null when no ssh keys are modified" file="tests/Unit/Services/Security/SecurityScannerServiceTest.php::`ssh key monitoring` → it returns null when no ssh keys are modified" class="Tests\Unit\Services\Security\SecurityScannerServiceTest" classname="Tests.Unit.Services.Security.SecurityScannerServiceTest" assertions="1" time="0.013345"/>
        <testcase name="`crontab modification detection` → it returns alert when crontab modifications are detected" file="tests/Unit/Services/Security/SecurityScannerServiceTest.php::`crontab modification detection` → it returns alert when crontab modifications are detected" class="Tests\Unit\Services\Security\SecurityScannerServiceTest" classname="Tests.Unit.Services.Security.SecurityScannerServiceTest" assertions="5" time="0.013540"/>
        <testcase name="`failed login detection` → it returns alert when failed logins exceed threshold" file="tests/Unit/Services/Security/SecurityScannerServiceTest.php::`failed login detection` → it returns alert when failed logins exceed threshold" class="Tests\Unit\Services\Security\SecurityScannerServiceTest" classname="Tests.Unit.Services.Security.SecurityScannerServiceTest" assertions="2" time="0.013080"/>
        <testcase name="`new user detection` → it filters out whitelisted users" file="tests/Unit/Services/Security/SecurityScannerServiceTest.php::`new user detection` → it filters out whitelisted users" class="Tests\Unit\Services\Security\SecurityScannerServiceTest" classname="Tests.Unit.Services.Security.SecurityScannerServiceTest" assertions="2" time="0.013155"/>
        <testcase name="`malware pattern detection` → it returns empty array when no malware patterns are found" file="tests/Unit/Services/Security/SecurityScannerServiceTest.php::`malware pattern detection` → it returns empty array when no malware patterns are found" class="Tests\Unit\Services\Security\SecurityScannerServiceTest" classname="Tests.Unit.Services.Security.SecurityScannerServiceTest" assertions="2" time="0.013435"/>
        <testcase name="`malware pattern detection` → it detects suspicious php patterns" file="tests/Unit/Services/Security/SecurityScannerServiceTest.php::`malware pattern detection` → it detects suspicious php patterns" class="Tests\Unit\Services\Security\SecurityScannerServiceTest" classname="Tests.Unit.Services.Security.SecurityScannerServiceTest" assertions="2" time="0.013808"/>
        <testcase name="`malware pattern detection` → it respects whitelisted files configuration" file="tests/Unit/Services/Security/SecurityScannerServiceTest.php::`malware pattern detection` → it respects whitelisted files configuration" class="Tests\Unit\Services\Security\SecurityScannerServiceTest" classname="Tests.Unit.Services.Security.SecurityScannerServiceTest" assertions="1" time="0.015378"/>
        <testcase name="`new user detection` → it returns null when no new users are found" file="tests/Unit/Services/Security/SecurityScannerServiceTest.php::`new user detection` → it returns null when no new users are found" class="Tests\Unit\Services\Security\SecurityScannerServiceTest" classname="Tests.Unit.Services.Security.SecurityScannerServiceTest" assertions="1" time="0.018208"/>
        <testcase name="`suspicious process detection` → it returns alert when suspicious processes are detected" file="tests/Unit/Services/Security/SecurityScannerServiceTest.php::`suspicious process detection` → it returns alert when suspicious processes are detected" class="Tests\Unit\Services\Security\SecurityScannerServiceTest" classname="Tests.Unit.Services.Security.SecurityScannerServiceTest" assertions="5" time="0.013802"/>
        <testcase name="`new user detection` → it returns alert for non-whitelisted new users" file="tests/Unit/Services/Security/SecurityScannerServiceTest.php::`new user detection` → it returns alert for non-whitelisted new users" class="Tests\Unit\Services\Security\SecurityScannerServiceTest" classname="Tests.Unit.Services.Security.SecurityScannerServiceTest" assertions="5" time="0.013556"/>
        <testcase name="`system file modification detection` → it returns alert when critical system files are modified" file="tests/Unit/Services/Security/SecurityScannerServiceTest.php::`system file modification detection` → it returns alert when critical system files are modified" class="Tests\Unit\Services\Security\SecurityScannerServiceTest" classname="Tests.Unit.Services.Security.SecurityScannerServiceTest" assertions="5" time="0.014738"/>
        <testcase name="`private helper methods` → it filters excluded paths correctly" file="tests/Unit/Services/Security/SecurityScannerServiceTest.php::`private helper methods` → it filters excluded paths correctly" class="Tests\Unit\Services\Security\SecurityScannerServiceTest" classname="Tests.Unit.Services.Security.SecurityScannerServiceTest" assertions="3" time="0.014327"/>
        <testcase name="`malware pattern detection` → it respects excluded paths configuration" file="tests/Unit/Services/Security/SecurityScannerServiceTest.php::`malware pattern detection` → it respects excluded paths configuration" class="Tests\Unit\Services\Security\SecurityScannerServiceTest" classname="Tests.Unit.Services.Security.SecurityScannerServiceTest" assertions="2" time="0.013022"/>
      </testsuite>
      <testsuite name="Tests\Unit\Services\ServerMonitoringServiceTest" file="tests/Unit/Services/ServerMonitoringServiceTest.php" tests="18" assertions="85" errors="0" failures="0" skipped="0" time="0.259856">
        <testcase name="`disk space monitoring` → it returns warning status when disk usage exceeds warning threshold" file="tests/Unit/Services/ServerMonitoringServiceTest.php::`disk space monitoring` → it returns warning status when disk usage exceeds warning threshold" class="Tests\Unit\Services\ServerMonitoringServiceTest" classname="Tests.Unit.Services.ServerMonitoringServiceTest" assertions="2" time="0.024474"/>
        <testcase name="`cpu load monitoring` → it returns correct cpu load check structure" file="tests/Unit/Services/ServerMonitoringServiceTest.php::`cpu load monitoring` → it returns correct cpu load check structure" class="Tests\Unit\Services\ServerMonitoringServiceTest" classname="Tests.Unit.Services.ServerMonitoringServiceTest" assertions="10" time="0.013596"/>
        <testcase name="`threshold configuration` → it returns correct cpu thresholds from config" file="tests/Unit/Services/ServerMonitoringServiceTest.php::`threshold configuration` → it returns correct cpu thresholds from config" class="Tests\Unit\Services\ServerMonitoringServiceTest" classname="Tests.Unit.Services.ServerMonitoringServiceTest" assertions="2" time="0.014090"/>
        <testcase name="`alert generation` → it returns multiple alerts for multiple issues" file="tests/Unit/Services/ServerMonitoringServiceTest.php::`alert generation` → it returns multiple alerts for multiple issues" class="Tests\Unit\Services\ServerMonitoringServiceTest" classname="Tests.Unit.Services.ServerMonitoringServiceTest" assertions="3" time="0.013364"/>
        <testcase name="`mysql service monitoring` → it returns critical status when mysql is not running" file="tests/Unit/Services/ServerMonitoringServiceTest.php::`mysql service monitoring` → it returns critical status when mysql is not running" class="Tests\Unit\Services\ServerMonitoringServiceTest" classname="Tests.Unit.Services.ServerMonitoringServiceTest" assertions="10" time="0.013365"/>
        <testcase name="`alert generation` → it returns critical alerts for critical status checks" file="tests/Unit/Services/ServerMonitoringServiceTest.php::`alert generation` → it returns critical alerts for critical status checks" class="Tests\Unit\Services\ServerMonitoringServiceTest" classname="Tests.Unit.Services.ServerMonitoringServiceTest" assertions="9" time="0.012890"/>
        <testcase name="`threshold configuration` → it returns default disk warning threshold when config is missing" file="tests/Unit/Services/ServerMonitoringServiceTest.php::`threshold configuration` → it returns default disk warning threshold when config is missing" class="Tests\Unit\Services\ServerMonitoringServiceTest" classname="Tests.Unit.Services.ServerMonitoringServiceTest" assertions="1" time="0.015990"/>
        <testcase name="`disk space monitoring` → it returns ok status when disk usage is below warning threshold" file="tests/Unit/Services/ServerMonitoringServiceTest.php::`disk space monitoring` → it returns ok status when disk usage is below warning threshold" class="Tests\Unit\Services\ServerMonitoringServiceTest" classname="Tests.Unit.Services.ServerMonitoringServiceTest" assertions="10" time="0.014173"/>
        <testcase name="`cpu load monitoring` → it returns critical status for very high cpu load" file="tests/Unit/Services/ServerMonitoringServiceTest.php::`cpu load monitoring` → it returns critical status for very high cpu load" class="Tests\Unit\Services\ServerMonitoringServiceTest" classname="Tests.Unit.Services.ServerMonitoringServiceTest" assertions="1" time="0.014172"/>
        <testcase name="`mysql service monitoring` → it returns ok status when mysql is running" file="tests/Unit/Services/ServerMonitoringServiceTest.php::`mysql service monitoring` → it returns ok status when mysql is running" class="Tests\Unit\Services\ServerMonitoringServiceTest" classname="Tests.Unit.Services.ServerMonitoringServiceTest" assertions="10" time="0.013432"/>
        <testcase name="`disk space monitoring` → it returns critical status when disk usage exceeds critical threshold" file="tests/Unit/Services/ServerMonitoringServiceTest.php::`disk space monitoring` → it returns critical status when disk usage exceeds critical threshold" class="Tests\Unit\Services\ServerMonitoringServiceTest" classname="Tests.Unit.Services.ServerMonitoringServiceTest" assertions="2" time="0.013091"/>
        <testcase name="`complete monitoring workflow` → it runs all checks and returns proper structure" file="tests/Unit/Services/ServerMonitoringServiceTest.php::`complete monitoring workflow` → it runs all checks and returns proper structure" class="Tests\Unit\Services\ServerMonitoringServiceTest" classname="Tests.Unit.Services.ServerMonitoringServiceTest" assertions="4" time="0.013654"/>
        <testcase name="`memory monitoring` → it returns warning status for high memory usage" file="tests/Unit/Services/ServerMonitoringServiceTest.php::`memory monitoring` → it returns warning status for high memory usage" class="Tests\Unit\Services\ServerMonitoringServiceTest" classname="Tests.Unit.Services.ServerMonitoringServiceTest" assertions="1" time="0.012877"/>
        <testcase name="`alert generation` → it returns warning alerts for warning status checks" file="tests/Unit/Services/ServerMonitoringServiceTest.php::`alert generation` → it returns warning alerts for warning status checks" class="Tests\Unit\Services\ServerMonitoringServiceTest" classname="Tests.Unit.Services.ServerMonitoringServiceTest" assertions="9" time="0.013615"/>
        <testcase name="`memory monitoring` → it returns correct memory usage check structure" file="tests/Unit/Services/ServerMonitoringServiceTest.php::`memory monitoring` → it returns correct memory usage check structure" class="Tests\Unit\Services\ServerMonitoringServiceTest" classname="Tests.Unit.Services.ServerMonitoringServiceTest" assertions="7" time="0.013014"/>
        <testcase name="`alert generation` → it returns empty array when all checks are ok" file="tests/Unit/Services/ServerMonitoringServiceTest.php::`alert generation` → it returns empty array when all checks are ok" class="Tests\Unit\Services\ServerMonitoringServiceTest" classname="Tests.Unit.Services.ServerMonitoringServiceTest" assertions="1" time="0.013267"/>
        <testcase name="`threshold configuration` → it returns correct disk warning threshold from config" file="tests/Unit/Services/ServerMonitoringServiceTest.php::`threshold configuration` → it returns correct disk warning threshold from config" class="Tests\Unit\Services\ServerMonitoringServiceTest" classname="Tests.Unit.Services.ServerMonitoringServiceTest" assertions="1" time="0.014707"/>
        <testcase name="`threshold configuration` → it returns correct memory thresholds from config" file="tests/Unit/Services/ServerMonitoringServiceTest.php::`threshold configuration` → it returns correct memory thresholds from config" class="Tests\Unit\Services\ServerMonitoringServiceTest" classname="Tests.Unit.Services.ServerMonitoringServiceTest" assertions="2" time="0.016086"/>
      </testsuite>
      <testsuite name="Tests\Unit\Notifications\SecurityAlertNotificationTest" file="tests/Unit/Notifications/SecurityAlertNotificationTest.php" tests="12" assertions="29" errors="0" failures="0" skipped="0" time="0.397092">
        <testcase name="`SecurityAlertNotification` → it uses queueable trait" file="tests/Unit/Notifications/SecurityAlertNotificationTest.php::`SecurityAlertNotification` → it uses queueable trait" class="Tests\Unit\Notifications\SecurityAlertNotificationTest" classname="Tests.Unit.Notifications.SecurityAlertNotificationTest" assertions="1" time="0.022933"/>
        <testcase name="`SecurityAlertNotification` → it provides alerts through accessor" file="tests/Unit/Notifications/SecurityAlertNotificationTest.php::`SecurityAlertNotification` → it provides alerts through accessor" class="Tests\Unit\Notifications\SecurityAlertNotificationTest" classname="Tests.Unit.Notifications.SecurityAlertNotificationTest" assertions="1" time="0.020383"/>
        <testcase name="`SecurityAlertNotification` → it report property is protected" file="tests/Unit/Notifications/SecurityAlertNotificationTest.php::`SecurityAlertNotification` → it report property is protected" class="Tests\Unit\Notifications\SecurityAlertNotificationTest" classname="Tests.Unit.Notifications.SecurityAlertNotificationTest" assertions="1" time="0.014635"/>
        <testcase name="`SecurityAlertNotification` → it builds mail message for daily report with empty alerts" file="tests/Unit/Notifications/SecurityAlertNotificationTest.php::`SecurityAlertNotification` → it builds mail message for daily report with empty alerts" class="Tests\Unit\Notifications\SecurityAlertNotificationTest" classname="Tests.Unit.Notifications.SecurityAlertNotificationTest" assertions="4" time="0.055740"/>
        <testcase name="`SecurityAlertNotification` → it builds mail message with alerts correctly" file="tests/Unit/Notifications/SecurityAlertNotificationTest.php::`SecurityAlertNotification` → it builds mail message with alerts correctly" class="Tests\Unit\Notifications\SecurityAlertNotificationTest" classname="Tests.Unit.Notifications.SecurityAlertNotificationTest" assertions="6" time="0.056840"/>
        <testcase name="`SecurityAlertNotification` → it constructs notification with different parameter combinations" file="tests/Unit/Notifications/SecurityAlertNotificationTest.php::`SecurityAlertNotification` → it constructs notification with different parameter combinations" class="Tests\Unit\Notifications\SecurityAlertNotificationTest" classname="Tests.Unit.Notifications.SecurityAlertNotificationTest" assertions="6" time="0.016570"/>
        <testcase name="`SecurityAlertNotification` → it builds mail message for daily report with null report" file="tests/Unit/Notifications/SecurityAlertNotificationTest.php::`SecurityAlertNotification` → it builds mail message for daily report with null report" class="Tests\Unit\Notifications\SecurityAlertNotificationTest" classname="Tests.Unit.Notifications.SecurityAlertNotificationTest" assertions="1" time="0.063807"/>
        <testcase name="`SecurityAlertNotification` → it builds mail message for daily report when no alerts" file="tests/Unit/Notifications/SecurityAlertNotificationTest.php::`SecurityAlertNotification` → it builds mail message for daily report when no alerts" class="Tests\Unit\Notifications\SecurityAlertNotificationTest" classname="Tests.Unit.Notifications.SecurityAlertNotificationTest" assertions="3" time="0.062676"/>
        <testcase name="`SecurityAlertNotification` → it provides report through accessor" file="tests/Unit/Notifications/SecurityAlertNotificationTest.php::`SecurityAlertNotification` → it provides report through accessor" class="Tests\Unit\Notifications\SecurityAlertNotificationTest" classname="Tests.Unit.Notifications.SecurityAlertNotificationTest" assertions="1" time="0.021912"/>
        <testcase name="`SecurityAlertNotification` → it handles multiple alert types correctly" file="tests/Unit/Notifications/SecurityAlertNotificationTest.php::`SecurityAlertNotification` → it handles multiple alert types correctly" class="Tests\Unit\Notifications\SecurityAlertNotificationTest" classname="Tests.Unit.Notifications.SecurityAlertNotificationTest" assertions="3" time="0.019904"/>
        <testcase name="`SecurityAlertNotification` → it alerts property is protected" file="tests/Unit/Notifications/SecurityAlertNotificationTest.php::`SecurityAlertNotification` → it alerts property is protected" class="Tests\Unit\Notifications\SecurityAlertNotificationTest" classname="Tests.Unit.Notifications.SecurityAlertNotificationTest" assertions="1" time="0.019171"/>
        <testcase name="`SecurityAlertNotification` → it uses mail channel" file="tests/Unit/Notifications/SecurityAlertNotificationTest.php::`SecurityAlertNotification` → it uses mail channel" class="Tests\Unit\Notifications\SecurityAlertNotificationTest" classname="Tests.Unit.Notifications.SecurityAlertNotificationTest" assertions="1" time="0.022520"/>
      </testsuite>
    </testsuite>
    <testsuite name="Feature" tests="23" assertions="63" errors="0" failures="0" skipped="0" time="0.714895">
      <testsuite name="Tests\Feature\ServerMonitoringIntegrationTest" file="tests/Feature/ServerMonitoringIntegrationTest.php" tests="23" assertions="63" errors="0" failures="0" skipped="0" time="0.714895">
        <testcase name="`command execution integration` → it can execute server monitor command" file="tests/Feature/ServerMonitoringIntegrationTest.php::`command execution integration` → it can execute server monitor command" class="Tests\Feature\ServerMonitoringIntegrationTest" classname="Tests.Feature.ServerMonitoringIntegrationTest" assertions="2" time="0.084531"/>
        <testcase name="`error handling` → it handles service instantiation errors gracefully" file="tests/Feature/ServerMonitoringIntegrationTest.php::`error handling` → it handles service instantiation errors gracefully" class="Tests\Feature\ServerMonitoringIntegrationTest" classname="Tests.Feature.ServerMonitoringIntegrationTest" assertions="3" time="0.028394"/>
        <testcase name="`configuration loading` → it respects environment variable overrides" file="tests/Feature/ServerMonitoringIntegrationTest.php::`configuration loading` → it respects environment variable overrides" class="Tests\Feature\ServerMonitoringIntegrationTest" classname="Tests.Feature.ServerMonitoringIntegrationTest" assertions="1" time="0.028496"/>
        <testcase name="`command registration` → it registers security:monitor-crontabs command" file="tests/Feature/ServerMonitoringIntegrationTest.php::`command registration` → it registers security:monitor-crontabs command" class="Tests\Feature\ServerMonitoringIntegrationTest" classname="Tests.Feature.ServerMonitoringIntegrationTest" assertions="1" time="0.034819"/>
        <testcase name="`configuration loading` → it loads configuration from config file" file="tests/Feature/ServerMonitoringIntegrationTest.php::`configuration loading` → it loads configuration from config file" class="Tests\Feature\ServerMonitoringIntegrationTest" classname="Tests.Feature.ServerMonitoringIntegrationTest" assertions="2" time="0.022117"/>
        <testcase name="`service registration` → it registers services as singletons" file="tests/Feature/ServerMonitoringIntegrationTest.php::`service registration` → it registers services as singletons" class="Tests\Feature\ServerMonitoringIntegrationTest" classname="Tests.Feature.ServerMonitoringIntegrationTest" assertions="1" time="0.027031"/>
        <testcase name="`service registration` → it registers SecurityScannerService in container" file="tests/Feature/ServerMonitoringIntegrationTest.php::`service registration` → it registers SecurityScannerService in container" class="Tests\Feature\ServerMonitoringIntegrationTest" classname="Tests.Feature.ServerMonitoringIntegrationTest" assertions="1" time="0.029185"/>
        <testcase name="`notification system integration` → it notification service is properly configured" file="tests/Feature/ServerMonitoringIntegrationTest.php::`notification system integration` → it notification service is properly configured" class="Tests\Feature\ServerMonitoringIntegrationTest" classname="Tests.Feature.ServerMonitoringIntegrationTest" assertions="1" time="0.036028"/>
        <testcase name="`security monitoring workflow` → it can run security checks" file="tests/Feature/ServerMonitoringIntegrationTest.php::`security monitoring workflow` → it can run security checks" class="Tests\Feature\ServerMonitoringIntegrationTest" classname="Tests.Feature.ServerMonitoringIntegrationTest" assertions="3" time="0.024335"/>
        <testcase name="`security monitoring workflow` → it malware scanner respects configuration" file="tests/Feature/ServerMonitoringIntegrationTest.php::`security monitoring workflow` → it malware scanner respects configuration" class="Tests\Feature\ServerMonitoringIntegrationTest" classname="Tests.Feature.ServerMonitoringIntegrationTest" assertions="2" time="0.026361"/>
        <testcase name="`command registration` → it registers security:check-malware command" file="tests/Feature/ServerMonitoringIntegrationTest.php::`command registration` → it registers security:check-malware command" class="Tests\Feature\ServerMonitoringIntegrationTest" classname="Tests.Feature.ServerMonitoringIntegrationTest" assertions="1" time="0.033392"/>
        <testcase name="`command registration` → it registers server:monitor command" file="tests/Feature/ServerMonitoringIntegrationTest.php::`command registration` → it registers server:monitor command" class="Tests\Feature\ServerMonitoringIntegrationTest" classname="Tests.Feature.ServerMonitoringIntegrationTest" assertions="1" time="0.030081"/>
        <testcase name="`error handling` → it handles missing configuration gracefully" file="tests/Feature/ServerMonitoringIntegrationTest.php::`error handling` → it handles missing configuration gracefully" class="Tests\Feature\ServerMonitoringIntegrationTest" classname="Tests.Feature.ServerMonitoringIntegrationTest" assertions="1" time="0.023597"/>
        <testcase name="`package service provider` → it merges configuration correctly" file="tests/Feature/ServerMonitoringIntegrationTest.php::`package service provider` → it merges configuration correctly" class="Tests\Feature\ServerMonitoringIntegrationTest" classname="Tests.Feature.ServerMonitoringIntegrationTest" assertions="4" time="0.020154"/>
        <testcase name="`service registration` → it registers SecurityNotificationService in container" file="tests/Feature/ServerMonitoringIntegrationTest.php::`service registration` → it registers SecurityNotificationService in container" class="Tests\Feature\ServerMonitoringIntegrationTest" classname="Tests.Feature.ServerMonitoringIntegrationTest" assertions="1" time="0.026903"/>
        <testcase name="`command execution integration` → it handles command execution gracefully when services fail" file="tests/Feature/ServerMonitoringIntegrationTest.php::`command execution integration` → it handles command execution gracefully when services fail" class="Tests\Feature\ServerMonitoringIntegrationTest" classname="Tests.Feature.ServerMonitoringIntegrationTest" assertions="1" time="0.054256"/>
        <testcase name="`service registration` → it registers ServerMonitoringService in container" file="tests/Feature/ServerMonitoringIntegrationTest.php::`service registration` → it registers ServerMonitoringService in container" class="Tests\Feature\ServerMonitoringIntegrationTest" classname="Tests.Feature.ServerMonitoringIntegrationTest" assertions="1" time="0.031378"/>
        <testcase name="`full monitoring workflow` → it can run complete server monitoring check" file="tests/Feature/ServerMonitoringIntegrationTest.php::`full monitoring workflow` → it can run complete server monitoring check" class="Tests\Feature\ServerMonitoringIntegrationTest" classname="Tests.Feature.ServerMonitoringIntegrationTest" assertions="28" time="0.052459"/>
        <testcase name="`full monitoring workflow` → it generates alerts correctly from checks" file="tests/Feature/ServerMonitoringIntegrationTest.php::`full monitoring workflow` → it generates alerts correctly from checks" class="Tests\Feature\ServerMonitoringIntegrationTest" classname="Tests.Feature.ServerMonitoringIntegrationTest" assertions="3" time="0.024267"/>
        <testcase name="`configuration loading` → it service reads configuration correctly" file="tests/Feature/ServerMonitoringIntegrationTest.php::`configuration loading` → it service reads configuration correctly" class="Tests\Feature\ServerMonitoringIntegrationTest" classname="Tests.Feature.ServerMonitoringIntegrationTest" assertions="2" time="0.020146"/>
        <testcase name="`command registration` → it registers security:check command" file="tests/Feature/ServerMonitoringIntegrationTest.php::`command registration` → it registers security:check command" class="Tests\Feature\ServerMonitoringIntegrationTest" classname="Tests.Feature.ServerMonitoringIntegrationTest" assertions="1" time="0.022368"/>
        <testcase name="`notification system integration` → it can handle notification sending without errors" file="tests/Feature/ServerMonitoringIntegrationTest.php::`notification system integration` → it can handle notification sending without errors" class="Tests\Feature\ServerMonitoringIntegrationTest" classname="Tests.Feature.ServerMonitoringIntegrationTest" assertions="1" time="0.018265"/>
        <testcase name="`package service provider` → it loads views correctly" file="tests/Feature/ServerMonitoringIntegrationTest.php::`package service provider` → it loads views correctly" class="Tests\Feature\ServerMonitoringIntegrationTest" classname="Tests.Feature.ServerMonitoringIntegrationTest" assertions="1" time="0.016332"/>
      </testsuite>
    </testsuite>
  </testsuite>
</testsuites>
