<?xml version="1.0" encoding="UTF-8"?>
<testsuites>
  <testsuite name="Tests\Unit\Console\Commands\ServerMonitorCommandTest" file="tests/Unit/Console/Commands/ServerMonitorCommandTest.php" tests="14" assertions="5" errors="9" failures="0" skipped="0" time="0.308962">
    <testcase name="`command execution with alerts` → it displays appropriate icons for different check statuses" file="tests/Unit/Console/Commands/ServerMonitorCommandTest.php::`command execution with alerts` → it displays appropriate icons for different check statuses" class="Tests\Unit\Console\Commands\ServerMonitorCommandTest" classname="Tests.Unit.Console.Commands.ServerMonitorCommandTest" assertions="0" time="0.119477">
      <error type="ErrorException">`command execution with alerts` → it displays appropriate icons for different check statusesErrorException: Undefined property: P\Tests\Unit\Console\Commands\ServerMonitorCommandTest::$service
at vendor/laravel/framework/src/Illuminate/Foundation/Bootstrap/HandleExceptions.php:258
at tests/Unit/Console/Commands/ServerMonitorCommandTest.php:106</error>
    </testcase>
    <testcase name="`status display logic` → it shows correct icon for ok status" file="tests/Unit/Console/Commands/ServerMonitorCommandTest.php::`status display logic` → it shows correct icon for ok status" class="Tests\Unit\Console\Commands\ServerMonitorCommandTest" classname="Tests.Unit.Console.Commands.ServerMonitorCommandTest" assertions="1" time="0.015614"/>
    <testcase name="`command execution with no alerts` → it displays success message when all checks pass" file="tests/Unit/Console/Commands/ServerMonitorCommandTest.php::`command execution with no alerts` → it displays success message when all checks pass" class="Tests\Unit\Console\Commands\ServerMonitorCommandTest" classname="Tests.Unit.Console.Commands.ServerMonitorCommandTest" assertions="0" time="0.013834">
      <error type="ErrorException">`command execution with no alerts` → it displays success message when all checks passErrorException: Undefined property: P\Tests\Unit\Console\Commands\ServerMonitorCommandTest::$service
at vendor/laravel/framework/src/Illuminate/Foundation/Bootstrap/HandleExceptions.php:258
at tests/Unit/Console/Commands/ServerMonitorCommandTest.php:45</error>
    </testcase>
    <testcase name="`status display logic` → it shows question mark for unknown status" file="tests/Unit/Console/Commands/ServerMonitorCommandTest.php::`status display logic` → it shows question mark for unknown status" class="Tests\Unit\Console\Commands\ServerMonitorCommandTest" classname="Tests.Unit.Console.Commands.ServerMonitorCommandTest" assertions="1" time="0.013032"/>
    <testcase name="`status display logic` → it shows correct icon for critical status" file="tests/Unit/Console/Commands/ServerMonitorCommandTest.php::`status display logic` → it shows correct icon for critical status" class="Tests\Unit\Console\Commands\ServerMonitorCommandTest" classname="Tests.Unit.Console.Commands.ServerMonitorCommandTest" assertions="1" time="0.013264"/>
    <testcase name="`service integration` → it calls monitoring service correctly" file="tests/Unit/Console/Commands/ServerMonitorCommandTest.php::`service integration` → it calls monitoring service correctly" class="Tests\Unit\Console\Commands\ServerMonitorCommandTest" classname="Tests.Unit.Console.Commands.ServerMonitorCommandTest" assertions="0" time="0.013605">
      <error type="ErrorException">`service integration` → it calls monitoring service correctlyErrorException: Undefined property: P\Tests\Unit\Console\Commands\ServerMonitorCommandTest::$service
at vendor/laravel/framework/src/Illuminate/Foundation/Bootstrap/HandleExceptions.php:258
at tests/Unit/Console/Commands/ServerMonitorCommandTest.php:191</error>
    </testcase>
    <testcase name="`command configuration` → it has correct signature" file="tests/Unit/Console/Commands/ServerMonitorCommandTest.php::`command configuration` → it has correct signature" class="Tests\Unit\Console\Commands\ServerMonitorCommandTest" classname="Tests.Unit.Console.Commands.ServerMonitorCommandTest" assertions="0" time="0.013671">
      <error type="ErrorException">`command configuration` → it has correct signatureErrorException: Undefined property: P\Tests\Unit\Console\Commands\ServerMonitorCommandTest::$command
at vendor/laravel/framework/src/Illuminate/Foundation/Bootstrap/HandleExceptions.php:258
at tests/Unit/Console/Commands/ServerMonitorCommandTest.php:14</error>
    </testcase>
    <testcase name="`command configuration` → it has correct description" file="tests/Unit/Console/Commands/ServerMonitorCommandTest.php::`command configuration` → it has correct description" class="Tests\Unit\Console\Commands\ServerMonitorCommandTest" classname="Tests.Unit.Console.Commands.ServerMonitorCommandTest" assertions="0" time="0.014160">
      <error type="ErrorException">`command configuration` → it has correct descriptionErrorException: Undefined property: P\Tests\Unit\Console\Commands\ServerMonitorCommandTest::$command
at vendor/laravel/framework/src/Illuminate/Foundation/Bootstrap/HandleExceptions.php:258
at tests/Unit/Console/Commands/ServerMonitorCommandTest.php:18</error>
    </testcase>
    <testcase name="`service integration` → it passes check results to alert generation" file="tests/Unit/Console/Commands/ServerMonitorCommandTest.php::`service integration` → it passes check results to alert generation" class="Tests\Unit\Console\Commands\ServerMonitorCommandTest" classname="Tests.Unit.Console.Commands.ServerMonitorCommandTest" assertions="0" time="0.014959">
      <error type="ErrorException">`service integration` → it passes check results to alert generationErrorException: Undefined property: P\Tests\Unit\Console\Commands\ServerMonitorCommandTest::$service
at vendor/laravel/framework/src/Illuminate/Foundation/Bootstrap/HandleExceptions.php:258
at tests/Unit/Console/Commands/ServerMonitorCommandTest.php:200</error>
    </testcase>
    <testcase name="`command execution with alerts` → it returns error exit code when alerts are present" file="tests/Unit/Console/Commands/ServerMonitorCommandTest.php::`command execution with alerts` → it returns error exit code when alerts are present" class="Tests\Unit\Console\Commands\ServerMonitorCommandTest" classname="Tests.Unit.Console.Commands.ServerMonitorCommandTest" assertions="0" time="0.017151">
      <error type="ErrorException">`command execution with alerts` → it returns error exit code when alerts are presentErrorException: Undefined property: P\Tests\Unit\Console\Commands\ServerMonitorCommandTest::$service
at vendor/laravel/framework/src/Illuminate/Foundation/Bootstrap/HandleExceptions.php:258
at tests/Unit/Console/Commands/ServerMonitorCommandTest.php:77</error>
    </testcase>
    <testcase name="`command execution with no alerts` → it returns success exit code when all checks pass" file="tests/Unit/Console/Commands/ServerMonitorCommandTest.php::`command execution with no alerts` → it returns success exit code when all checks pass" class="Tests\Unit\Console\Commands\ServerMonitorCommandTest" classname="Tests.Unit.Console.Commands.ServerMonitorCommandTest" assertions="0" time="0.014774">
      <error type="ErrorException">`command execution with no alerts` → it returns success exit code when all checks passErrorException: Undefined property: P\Tests\Unit\Console\Commands\ServerMonitorCommandTest::$service
at vendor/laravel/framework/src/Illuminate/Foundation/Bootstrap/HandleExceptions.php:258
at tests/Unit/Console/Commands/ServerMonitorCommandTest.php:31</error>
    </testcase>
    <testcase name="`trait integration` → it uses NotifiesSecurityAlerts trait" file="tests/Unit/Console/Commands/ServerMonitorCommandTest.php::`trait integration` → it uses NotifiesSecurityAlerts trait" class="Tests\Unit\Console\Commands\ServerMonitorCommandTest" classname="Tests.Unit.Console.Commands.ServerMonitorCommandTest" assertions="1" time="0.016743"/>
    <testcase name="`status display logic` → it shows correct icon for warning status" file="tests/Unit/Console/Commands/ServerMonitorCommandTest.php::`status display logic` → it shows correct icon for warning status" class="Tests\Unit\Console\Commands\ServerMonitorCommandTest" classname="Tests.Unit.Console.Commands.ServerMonitorCommandTest" assertions="1" time="0.014780"/>
    <testcase name="`alert notification` → it sends alerts when issues are detected" file="tests/Unit/Console/Commands/ServerMonitorCommandTest.php::`alert notification` → it sends alerts when issues are detected" class="Tests\Unit\Console\Commands\ServerMonitorCommandTest" classname="Tests.Unit.Console.Commands.ServerMonitorCommandTest" assertions="0" time="0.013898">
      <error type="ErrorException">`alert notification` → it sends alerts when issues are detectedErrorException: Undefined property: P\Tests\Unit\Console\Commands\ServerMonitorCommandTest::$service
at vendor/laravel/framework/src/Illuminate/Foundation/Bootstrap/HandleExceptions.php:258
at tests/Unit/Console/Commands/ServerMonitorCommandTest.php:131</error>
    </testcase>
  </testsuite>
</testsuites>
